0 info it worked if it ends with ok
1 verbose cli [ '/usr/local/bin/node', '/usr/local/bin/npm', 'stop' ]
2 info using npm@3.9.5
3 info using node@v6.2.2
4 verbose run-script [ 'prestop', 'stop', 'poststop' ]
5 info lifecycle node-github-deployer@1.0.0~prestop: node-github-deployer@1.0.0
6 silly lifecycle node-github-deployer@1.0.0~prestop: no script for prestop, continuing
7 info lifecycle node-github-deployer@1.0.0~stop: node-github-deployer@1.0.0
8 verbose lifecycle node-github-deployer@1.0.0~stop: unsafe-perm in lifecycle true
9 verbose lifecycle node-github-deployer@1.0.0~stop: PATH: /usr/local/lib/node_modules/npm/bin/node-gyp-bin:/home/node/Node-GitHub-Deployer/node_modules/.bin:/usr/local/bin:/usr/local/sbin:/usr/local/bin:/usr/sbin:/usr/bin:/sbin:/bin:/usr/games:/usr/local/games:/home/path-ext
10 verbose lifecycle node-github-deployer@1.0.0~stop: CWD: /home/node/Node-GitHub-Deployer
11 silly lifecycle node-github-deployer@1.0.0~stop: Args: [ '-c', 'pm2 delete node-github-deployer' ]
12 silly lifecycle node-github-deployer@1.0.0~stop: Returned: code: 1  signal: null
13 info lifecycle node-github-deployer@1.0.0~stop: Failed to exec stop script
14 verbose stack Error: node-github-deployer@1.0.0 stop: `pm2 delete node-github-deployer`
14 verbose stack Exit status 1
14 verbose stack     at EventEmitter.<anonymous> (/usr/local/lib/node_modules/npm/lib/utils/lifecycle.js:245:16)
14 verbose stack     at emitTwo (events.js:106:13)
14 verbose stack     at EventEmitter.emit (events.js:191:7)
14 verbose stack     at ChildProcess.<anonymous> (/usr/local/lib/node_modules/npm/lib/utils/spawn.js:24:14)
14 verbose stack     at emitTwo (events.js:106:13)
14 verbose stack     at ChildProcess.emit (events.js:191:7)
14 verbose stack     at maybeClose (internal/child_process.js:852:16)
14 verbose stack     at Process.ChildProcess._handle.onexit (internal/child_process.js:215:5)
15 verbose pkgid node-github-deployer@1.0.0
16 verbose cwd /home/node/Node-GitHub-Deployer
17 error Linux 4.5.5-x86_64-linode69
18 error argv "/usr/local/bin/node" "/usr/local/bin/npm" "stop"
19 error node v6.2.2
20 error npm  v3.9.5
21 error code ELIFECYCLE
22 error node-github-deployer@1.0.0 stop: `pm2 delete node-github-deployer`
22 error Exit status 1
23 error Failed at the node-github-deployer@1.0.0 stop script 'pm2 delete node-github-deployer'.
23 error Make sure you have the latest version of node.js and npm installed.
23 error If you do, this is most likely a problem with the node-github-deployer package,
23 error not with npm itself.
23 error Tell the author that this fails on your system:
23 error     pm2 delete node-github-deployer
23 error You can get information on how to open an issue for this project with:
23 error     npm bugs node-github-deployer
23 error Or if that isn't available, you can get their info via:
23 error     npm owner ls node-github-deployer
23 error There is likely additional logging output above.
24 verbose exit [ 1, true ]
